[2025-08-12 18:35:09,121][polymetis.gripper_interface][WARNING] - Metadata unavailable from server.
[2025-08-12 19:45:13,164][polymetis.gripper_interface][WARNING] - Metadata unavailable from server.
[2025-08-12 19:45:49,272][polymetis.gripper_interface][WARNING] - Metadata unavailable from server.
[2025-08-12 19:46:13,008][polymetis.gripper_interface][WARNING] - Metadata unavailable from server.
[2025-08-12 19:47:26,505][polymetis.gripper_interface][WARNING] - Metadata unavailable from server.
[2025-08-12 19:47:34,009][polymetis.robot_interface][ERROR] - Unable to update desired joint positions. Use 'start_joint_impedance' to start a joint impedance controller.
[2025-08-12 19:48:32,505][polymetis.gripper_interface][WARNING] - Metadata unavailable from server.
[2025-08-12 19:48:39,993][polymetis.robot_interface][ERROR] - Unable to update desired joint positions. Use 'start_joint_impedance' to start a joint impedance controller.
[2025-08-12 19:49:12,361][polymetis.gripper_interface][WARNING] - Metadata unavailable from server.
[2025-08-12 19:49:20,200][polymetis.robot_interface][ERROR] - Unable to update desired joint positions. Use 'start_joint_impedance' to start a joint impedance controller.
[2025-08-12 19:50:02,749][polymetis.gripper_interface][WARNING] - Metadata unavailable from server.
[2025-08-12 19:51:11,864][polymetis.gripper_interface][WARNING] - Metadata unavailable from server.
[2025-08-12 19:51:20,963][polymetis.gripper_interface][WARNING] - Metadata unavailable from server.
[2025-08-12 19:51:41,234][polymetis.gripper_interface][WARNING] - Metadata unavailable from server.
[2025-08-12 19:51:49,936][polymetis.robot_interface][ERROR] - Unable to update desired joint positions. Use 'start_joint_impedance' to start a joint impedance controller.
[2025-08-12 19:52:41,942][polymetis.gripper_interface][WARNING] - Metadata unavailable from server.
[2025-08-12 19:54:22,746][polymetis.gripper_interface][WARNING] - Metadata unavailable from server.
[2025-08-12 19:54:31,768][polymetis.robot_interface][ERROR] - Unable to update desired joint positions. Use 'start_joint_impedance' to start a joint impedance controller.
[2025-08-12 19:55:25,571][polymetis.gripper_interface][WARNING] - Metadata unavailable from server.
[2025-08-12 19:55:34,702][polymetis.robot_interface][ERROR] - Unable to update desired joint positions. Use 'start_joint_impedance' to start a joint impedance controller.
[2025-08-12 19:57:10,732][polymetis.gripper_interface][WARNING] - Metadata unavailable from server.
[2025-08-12 19:57:36,888][polymetis.gripper_interface][WARNING] - Metadata unavailable from server.
[2025-08-12 19:58:42,875][polymetis.gripper_interface][WARNING] - Metadata unavailable from server.
[2025-08-12 19:59:03,797][polymetis.gripper_interface][WARNING] - Metadata unavailable from server.
[2025-08-12 19:59:38,699][polymetis.gripper_interface][WARNING] - Metadata unavailable from server.
[2025-08-12 20:00:37,042][polymetis.robot_interface][ERROR] - Unable to update desired joint positions. Use 'start_joint_impedance' to start a joint impedance controller.
[2025-08-12 20:01:01,164][polymetis.gripper_interface][WARNING] - Metadata unavailable from server.
[2025-08-12 20:01:18,765][polymetis.robot_interface][ERROR] - Unable to update desired joint positions. Use 'start_joint_impedance' to start a joint impedance controller.
[2025-08-12 20:01:46,658][polymetis.gripper_interface][WARNING] - Metadata unavailable from server.
[2025-08-12 20:02:19,414][polymetis.robot_interface][ERROR] - Unable to update desired joint positions. Use 'start_joint_impedance' to start a joint impedance controller.
[2025-08-12 20:04:32,295][polymetis.gripper_interface][WARNING] - Metadata unavailable from server.
[2025-08-12 20:06:24,996][polymetis.gripper_interface][WARNING] - Metadata unavailable from server.
[2025-08-12 20:07:20,422][polymetis.gripper_interface][WARNING] - Metadata unavailable from server.
[2025-08-12 20:10:18,075][polymetis.gripper_interface][WARNING] - Metadata unavailable from server.
[2025-08-12 20:10:26,892][polymetis.robot_interface][ERROR] - Unable to update desired joint positions. Use 'start_joint_impedance' to start a joint impedance controller.
[2025-08-12 20:11:36,968][polymetis.gripper_interface][WARNING] - Metadata unavailable from server.
[2025-08-12 20:14:59,443][polymetis.gripper_interface][WARNING] - Metadata unavailable from server.
[2025-08-12 20:16:07,664][polymetis.gripper_interface][WARNING] - Metadata unavailable from server.
[2025-08-12 20:16:39,840][polymetis.gripper_interface][WARNING] - Metadata unavailable from server.
[2025-08-12 20:17:36,087][polymetis.robot_interface][ERROR] - Unable to update desired joint positions. Use 'start_joint_impedance' to start a joint impedance controller.
[2025-08-12 21:00:51,008][polymetis.gripper_interface][WARNING] - Metadata unavailable from server.
[2025-08-12 21:02:26,511][polymetis.gripper_interface][WARNING] - Metadata unavailable from server.
[2025-08-12 21:05:11,897][polymetis.gripper_interface][WARNING] - Metadata unavailable from server.
[2025-08-12 21:09:31,135][polymetis.gripper_interface][WARNING] - Metadata unavailable from server.
[2025-08-12 21:10:07,127][polymetis.gripper_interface][WARNING] - Metadata unavailable from server.
[2025-08-12 21:16:36,513][polymetis.gripper_interface][WARNING] - Metadata unavailable from server.
[2025-08-12 21:16:59,620][polymetis.gripper_interface][WARNING] - Metadata unavailable from server.
[2025-08-12 21:17:47,914][polymetis.gripper_interface][WARNING] - Metadata unavailable from server.
[2025-08-13 11:22:59,623][polymetis.gripper_interface][WARNING] - Metadata unavailable from server.
[2025-08-13 11:23:29,020][polymetis.gripper_interface][WARNING] - Metadata unavailable from server.
[2025-08-13 11:23:53,490][polymetis.gripper_interface][WARNING] - Metadata unavailable from server.
[2025-08-13 11:25:35,150][polymetis.gripper_interface][WARNING] - Metadata unavailable from server.
[2025-08-13 11:27:12,050][polymetis.gripper_interface][WARNING] - Metadata unavailable from server.
[2025-08-13 11:28:46,587][polymetis.gripper_interface][WARNING] - Metadata unavailable from server.
[2025-08-13 11:29:23,792][polymetis.gripper_interface][WARNING] - Metadata unavailable from server.
[2025-08-13 11:29:38,885][polymetis.robot_interface][ERROR] - Unable to update desired joint positions. Use 'start_joint_impedance' to start a joint impedance controller.
[2025-08-13 11:33:28,654][polymetis.gripper_interface][WARNING] - Metadata unavailable from server.
[2025-08-13 11:36:02,997][polymetis.gripper_interface][WARNING] - Metadata unavailable from server.
[2025-08-13 11:36:26,976][polymetis.robot_interface][ERROR] - Unable to update desired joint positions. Use 'start_joint_impedance' to start a joint impedance controller.
[2025-08-13 11:48:53,653][polymetis.gripper_interface][WARNING] - Metadata unavailable from server.
[2025-08-13 12:13:17,033][polymetis.gripper_interface][WARNING] - Metadata unavailable from server.
[2025-08-13 12:13:46,919][polymetis.robot_interface][ERROR] - Unable to update desired joint positions. Use 'start_joint_impedance' to start a joint impedance controller.
[2025-08-17 17:28:47,747][paramiko.transport][INFO] - Connected (version 2.0, client OpenSSH_8.2p1)
[2025-08-17 17:28:47,840][paramiko.transport][INFO] - Authentication (publickey) failed.
[2025-08-17 17:28:47,849][paramiko.transport][INFO] - Authentication (publickey) failed.
[2025-08-17 17:28:47,861][paramiko.transport][INFO] - Authentication (password) successful!
[2025-08-17 17:38:54,345][paramiko.transport][INFO] - Connected (version 2.0, client OpenSSH_8.2p1)
[2025-08-17 17:38:54,370][paramiko.transport][INFO] - Authentication (publickey) failed.
[2025-08-17 17:38:54,379][paramiko.transport][INFO] - Authentication (publickey) failed.
[2025-08-17 17:38:54,596][paramiko.transport][INFO] - Authentication (password) successful!
[2025-08-17 17:39:30,803][paramiko.transport][INFO] - Connected (version 2.0, client OpenSSH_8.2p1)
[2025-08-17 17:39:30,828][paramiko.transport][INFO] - Authentication (publickey) failed.
[2025-08-17 17:39:30,836][paramiko.transport][INFO] - Authentication (publickey) failed.
[2025-08-17 17:39:30,849][paramiko.transport][INFO] - Authentication (password) successful!
[2025-08-17 17:49:44,548][paramiko.transport][INFO] - Connected (version 2.0, client OpenSSH_8.2p1)
[2025-08-17 17:49:44,571][paramiko.transport][INFO] - Authentication (publickey) failed.
[2025-08-17 17:49:44,579][paramiko.transport][INFO] - Authentication (publickey) failed.
[2025-08-17 17:49:44,592][paramiko.transport][INFO] - Authentication (password) successful!
[2025-08-17 17:50:15,790][paramiko.transport][INFO] - Connected (version 2.0, client OpenSSH_8.2p1)
[2025-08-17 17:50:15,813][paramiko.transport][INFO] - Authentication (publickey) failed.
[2025-08-17 17:50:15,821][paramiko.transport][INFO] - Authentication (publickey) failed.
[2025-08-17 17:50:15,833][paramiko.transport][INFO] - Authentication (password) successful!
[2025-08-17 17:52:12,313][paramiko.transport][INFO] - Connected (version 2.0, client OpenSSH_8.2p1)
[2025-08-17 17:52:12,336][paramiko.transport][INFO] - Authentication (publickey) failed.
[2025-08-17 17:52:12,344][paramiko.transport][INFO] - Authentication (publickey) failed.
[2025-08-17 17:52:12,356][paramiko.transport][INFO] - Authentication (password) successful!
[2025-08-17 18:00:13,500][paramiko.transport][INFO] - Connected (version 2.0, client OpenSSH_8.2p1)
[2025-08-17 18:00:13,523][paramiko.transport][INFO] - Authentication (publickey) failed.
[2025-08-17 18:00:13,531][paramiko.transport][INFO] - Authentication (publickey) failed.
[2025-08-17 18:00:13,544][paramiko.transport][INFO] - Authentication (password) successful!
[2025-08-17 18:00:36,328][paramiko.transport][INFO] - Connected (version 2.0, client OpenSSH_8.2p1)
[2025-08-17 18:00:36,353][paramiko.transport][INFO] - Authentication (publickey) failed.
[2025-08-17 18:00:36,360][paramiko.transport][INFO] - Authentication (publickey) failed.
[2025-08-17 18:00:36,373][paramiko.transport][INFO] - Authentication (password) successful!
[2025-08-17 18:03:40,030][paramiko.transport][INFO] - Connected (version 2.0, client OpenSSH_8.2p1)
[2025-08-17 18:03:40,053][paramiko.transport][INFO] - Authentication (publickey) failed.
[2025-08-17 18:03:40,061][paramiko.transport][INFO] - Authentication (publickey) failed.
[2025-08-17 18:03:40,074][paramiko.transport][INFO] - Authentication (password) successful!
[2025-08-17 18:04:26,043][paramiko.transport][INFO] - Connected (version 2.0, client OpenSSH_8.2p1)
[2025-08-17 18:04:26,068][paramiko.transport][INFO] - Authentication (publickey) failed.
[2025-08-17 18:04:26,076][paramiko.transport][INFO] - Authentication (publickey) failed.
[2025-08-17 18:04:26,089][paramiko.transport][INFO] - Authentication (password) successful!
[2025-08-17 18:04:46,032][paramiko.transport][INFO] - Connected (version 2.0, client OpenSSH_8.2p1)
[2025-08-17 18:04:46,055][paramiko.transport][INFO] - Authentication (publickey) failed.
[2025-08-17 18:04:46,062][paramiko.transport][INFO] - Authentication (publickey) failed.
[2025-08-17 18:04:46,074][paramiko.transport][INFO] - Authentication (password) successful!
[2025-08-17 18:11:36,744][paramiko.transport][INFO] - Connected (version 2.0, client OpenSSH_8.2p1)
[2025-08-17 18:11:36,770][paramiko.transport][INFO] - Authentication (publickey) failed.
[2025-08-17 18:11:36,780][paramiko.transport][INFO] - Authentication (publickey) failed.
[2025-08-17 18:11:36,795][paramiko.transport][INFO] - Authentication (password) successful!
[2025-08-17 18:12:43,684][paramiko.transport][INFO] - Connected (version 2.0, client OpenSSH_8.2p1)
[2025-08-17 18:12:43,707][paramiko.transport][INFO] - Authentication (publickey) failed.
[2025-08-17 18:12:43,717][paramiko.transport][INFO] - Authentication (publickey) failed.
[2025-08-17 18:12:43,730][paramiko.transport][INFO] - Authentication (password) successful!
[2025-08-17 18:13:48,999][paramiko.transport][INFO] - Connected (version 2.0, client OpenSSH_8.2p1)
[2025-08-17 18:13:49,021][paramiko.transport][INFO] - Authentication (publickey) failed.
[2025-08-17 18:13:49,031][paramiko.transport][INFO] - Authentication (publickey) failed.
[2025-08-17 18:13:49,044][paramiko.transport][INFO] - Authentication (password) successful!
[2025-08-17 18:15:14,173][paramiko.transport][INFO] - Connected (version 2.0, client OpenSSH_8.2p1)
[2025-08-17 18:15:14,194][paramiko.transport][INFO] - Authentication (publickey) failed.
[2025-08-17 18:15:14,203][paramiko.transport][INFO] - Authentication (publickey) failed.
[2025-08-17 18:15:14,213][paramiko.transport][INFO] - Authentication (password) successful!
[2025-08-17 18:18:18,406][paramiko.transport][INFO] - Connected (version 2.0, client OpenSSH_8.2p1)
[2025-08-17 18:18:18,431][paramiko.transport][INFO] - Authentication (publickey) failed.
[2025-08-17 18:18:18,442][paramiko.transport][INFO] - Authentication (publickey) failed.
[2025-08-17 18:18:18,457][paramiko.transport][INFO] - Authentication (password) successful!
[2025-08-17 18:18:49,676][paramiko.transport][INFO] - Connected (version 2.0, client OpenSSH_8.2p1)
[2025-08-17 18:18:49,701][paramiko.transport][INFO] - Authentication (publickey) failed.
[2025-08-17 18:18:49,711][paramiko.transport][INFO] - Authentication (publickey) failed.
[2025-08-17 18:18:49,726][paramiko.transport][INFO] - Authentication (password) successful!
[2025-08-17 18:19:53,292][paramiko.transport][INFO] - Connected (version 2.0, client OpenSSH_8.2p1)
[2025-08-17 18:19:53,317][paramiko.transport][INFO] - Authentication (publickey) failed.
[2025-08-17 18:19:53,328][paramiko.transport][INFO] - Authentication (publickey) failed.
[2025-08-17 18:19:53,343][paramiko.transport][INFO] - Authentication (password) successful!
[2025-08-17 18:21:34,098][paramiko.transport][INFO] - Connected (version 2.0, client OpenSSH_8.2p1)
[2025-08-17 18:21:34,121][paramiko.transport][INFO] - Authentication (publickey) failed.
[2025-08-17 18:21:34,131][paramiko.transport][INFO] - Authentication (publickey) failed.
[2025-08-17 18:21:34,140][paramiko.transport][INFO] - Authentication (password) successful!
[2025-08-17 18:21:54,337][polymetis.gripper_interface][WARNING] - Metadata unavailable from server.
[2025-08-17 18:39:18,442][polymetis.gripper_interface][WARNING] - Metadata unavailable from server.
[2025-08-17 18:39:52,351][polymetis.gripper_interface][WARNING] - Metadata unavailable from server.
[2025-08-17 18:40:48,660][polymetis.robot_interface][ERROR] - Unable to update desired joint positions. Use 'start_joint_impedance' to start a joint impedance controller.
[2025-08-17 18:53:44,341][polymetis.robot_interface][ERROR] - Unable to update desired joint positions. Use 'start_joint_impedance' to start a joint impedance controller.
[2025-08-17 19:15:35,546][polymetis.robot_interface][ERROR] - Unable to update desired joint positions. Use 'start_joint_impedance' to start a joint impedance controller.
[2025-08-17 19:25:20,680][polymetis.robot_interface][ERROR] - Unable to update desired joint positions. Use 'start_joint_impedance' to start a joint impedance controller.
[2025-08-17 19:30:12,151][polymetis.robot_interface][ERROR] - Unable to update desired joint positions. Use 'start_joint_impedance' to start a joint impedance controller.
[2025-08-17 19:40:33,558][polymetis.robot_interface][ERROR] - Unable to update desired joint positions. Use 'start_joint_impedance' to start a joint impedance controller.
[2025-08-17 20:44:01,892][polymetis.robot_interface][ERROR] - Unable to update desired joint positions. Use 'start_joint_impedance' to start a joint impedance controller.
[2025-08-17 20:47:01,156][polymetis.robot_interface][ERROR] - Unable to update desired joint positions. Use 'start_joint_impedance' to start a joint impedance controller.
[2025-08-18 20:15:23,542][polymetis.gripper_interface][WARNING] - Metadata unavailable from server.
[2025-08-18 20:17:44,960][polymetis.gripper_interface][WARNING] - Metadata unavailable from server.
[2025-08-18 20:18:39,716][polymetis.gripper_interface][WARNING] - Metadata unavailable from server.
[2025-08-18 20:20:29,484][polymetis.gripper_interface][WARNING] - Metadata unavailable from server.
[2025-08-18 20:26:13,547][polymetis.gripper_interface][WARNING] - Metadata unavailable from server.
[2025-08-18 20:30:54,883][polymetis.gripper_interface][WARNING] - Metadata unavailable from server.
[2025-08-18 20:31:44,189][polymetis.gripper_interface][WARNING] - Metadata unavailable from server.
[2025-08-18 20:33:42,885][polymetis.gripper_interface][WARNING] - Metadata unavailable from server.
[2025-08-18 20:34:43,452][polymetis.gripper_interface][WARNING] - Metadata unavailable from server.
[2025-08-18 20:35:30,843][polymetis.gripper_interface][WARNING] - Metadata unavailable from server.
[2025-08-18 20:36:01,895][polymetis.gripper_interface][WARNING] - Metadata unavailable from server.
[2025-08-18 20:36:45,776][polymetis.gripper_interface][WARNING] - Metadata unavailable from server.
[2025-08-18 20:37:56,547][polymetis.gripper_interface][WARNING] - Metadata unavailable from server.
[2025-08-18 20:38:44,487][polymetis.gripper_interface][WARNING] - Metadata unavailable from server.
[2025-08-18 20:39:15,013][polymetis.robot_interface][ERROR] - Unable to update desired joint positions. Use 'start_joint_impedance' to start a joint impedance controller.
[2025-08-18 20:41:55,754][polymetis.gripper_interface][WARNING] - Metadata unavailable from server.
[2025-08-18 20:42:18,086][polymetis.robot_interface][ERROR] - Unable to update desired joint positions. Use 'start_joint_impedance' to start a joint impedance controller.
[2025-08-18 20:43:41,048][polymetis.gripper_interface][WARNING] - Metadata unavailable from server.
[2025-08-18 20:44:22,065][polymetis.gripper_interface][WARNING] - Metadata unavailable from server.
[2025-08-18 20:48:18,841][polymetis.gripper_interface][WARNING] - Metadata unavailable from server.
[2025-08-18 20:48:42,472][polymetis.robot_interface][ERROR] - Unable to update desired joint positions. Use 'start_joint_impedance' to start a joint impedance controller.
[2025-08-18 20:49:00,449][polymetis.gripper_interface][WARNING] - Metadata unavailable from server.
[2025-08-18 20:49:25,532][polymetis.robot_interface][ERROR] - Unable to update desired joint positions. Use 'start_joint_impedance' to start a joint impedance controller.
[2025-08-18 20:50:10,099][polymetis.gripper_interface][WARNING] - Metadata unavailable from server.
[2025-08-18 20:50:34,254][polymetis.robot_interface][ERROR] - Unable to update desired joint positions. Use 'start_joint_impedance' to start a joint impedance controller.
[2025-08-18 20:51:01,318][polymetis.gripper_interface][WARNING] - Metadata unavailable from server.
[2025-08-19 23:51:13,790][polymetis.gripper_interface][WARNING] - Metadata unavailable from server.
[2025-08-19 23:53:27,384][polymetis.gripper_interface][WARNING] - Metadata unavailable from server.
[2025-08-19 23:54:44,173][polymetis.gripper_interface][WARNING] - Metadata unavailable from server.
[2025-08-19 23:55:05,743][polymetis.robot_interface][ERROR] - Unable to update desired joint positions. Use 'start_joint_impedance' to start a joint impedance controller.
[2025-08-19 23:59:29,209][polymetis.gripper_interface][WARNING] - Metadata unavailable from server.
[2025-08-19 23:59:42,175][polymetis.gripper_interface][WARNING] - Metadata unavailable from server.
[2025-08-20 00:00:18,305][polymetis.robot_interface][ERROR] - Unable to update desired joint positions. Use 'start_joint_impedance' to start a joint impedance controller.
[2025-08-20 00:44:24,326][polymetis.gripper_interface][WARNING] - Metadata unavailable from server.
[2025-08-20 00:44:45,115][polymetis.robot_interface][ERROR] - Unable to update desired joint positions. Use 'start_joint_impedance' to start a joint impedance controller.
[2025-08-20 11:25:52,716][polymetis.gripper_interface][WARNING] - Metadata unavailable from server.
[2025-08-20 11:26:12,832][polymetis.robot_interface][ERROR] - Unable to update desired joint positions. Use 'start_joint_impedance' to start a joint impedance controller.
[2025-08-20 11:32:25,194][polymetis.gripper_interface][WARNING] - Metadata unavailable from server.
[2025-08-20 11:35:34,651][polymetis.gripper_interface][WARNING] - Metadata unavailable from server.
[2025-08-20 11:35:53,622][polymetis.robot_interface][ERROR] - Unable to update desired joint positions. Use 'start_joint_impedance' to start a joint impedance controller.
[2025-08-20 12:02:02,917][polymetis.gripper_interface][WARNING] - Metadata unavailable from server.
[2025-08-20 13:10:14,676][polymetis.gripper_interface][WARNING] - Metadata unavailable from server.
[2025-08-20 13:58:26,706][polymetis.gripper_interface][WARNING] - Metadata unavailable from server.
[2025-08-20 13:58:38,009][polymetis.robot_interface][ERROR] - Unable to update desired joint positions. Use 'start_joint_impedance' to start a joint impedance controller.
[2025-08-20 13:59:26,118][polymetis.gripper_interface][WARNING] - Metadata unavailable from server.
[2025-08-20 13:59:58,506][polymetis.robot_interface][ERROR] - Unable to update desired joint positions. Use 'start_joint_impedance' to start a joint impedance controller.
[2025-08-20 14:00:41,887][polymetis.gripper_interface][WARNING] - Metadata unavailable from server.
[2025-08-20 14:03:52,070][polymetis.gripper_interface][WARNING] - Metadata unavailable from server.
[2025-08-20 14:04:49,473][polymetis.gripper_interface][WARNING] - Metadata unavailable from server.
[2025-08-20 14:05:02,928][polymetis.gripper_interface][WARNING] - Metadata unavailable from server.
[2025-08-20 14:11:44,226][polymetis.gripper_interface][WARNING] - Metadata unavailable from server.
[2025-08-20 14:12:03,641][polymetis.gripper_interface][WARNING] - Metadata unavailable from server.
[2025-08-20 14:12:30,720][polymetis.robot_interface][ERROR] - Unable to update desired joint positions. Use 'start_joint_impedance' to start a joint impedance controller.
[2025-08-20 14:35:22,448][polymetis.gripper_interface][WARNING] - Metadata unavailable from server.
[2025-08-20 14:37:48,699][polymetis.gripper_interface][WARNING] - Metadata unavailable from server.
[2025-08-20 14:43:47,785][polymetis.robot_interface][ERROR] - Unable to update desired joint positions. Use 'start_joint_impedance' to start a joint impedance controller.
[2025-08-20 14:45:45,906][polymetis.gripper_interface][WARNING] - Metadata unavailable from server.
[2025-08-20 14:46:06,040][polymetis.robot_interface][ERROR] - Unable to update desired joint positions. Use 'start_joint_impedance' to start a joint impedance controller.
[2025-08-20 15:14:52,700][polymetis.gripper_interface][WARNING] - Metadata unavailable from server.
[2025-08-20 15:16:24,821][polymetis.gripper_interface][WARNING] - Metadata unavailable from server.
[2025-08-20 15:18:24,972][polymetis.gripper_interface][WARNING] - Metadata unavailable from server.
[2025-08-20 15:36:58,486][polymetis.gripper_interface][WARNING] - Metadata unavailable from server.
[2025-08-20 15:48:44,985][polymetis.gripper_interface][WARNING] - Metadata unavailable from server.
[2025-08-20 15:49:03,700][polymetis.robot_interface][ERROR] - Unable to update desired joint positions. Use 'start_joint_impedance' to start a joint impedance controller.
[2025-08-20 15:49:33,470][polymetis.gripper_interface][WARNING] - Metadata unavailable from server.
[2025-08-20 16:03:27,186][polymetis.gripper_interface][WARNING] - Metadata unavailable from server.
[2025-08-20 17:58:21,851][polymetis.gripper_interface][WARNING] - Metadata unavailable from server.
[2025-08-20 17:58:36,553][polymetis.gripper_interface][WARNING] - Metadata unavailable from server.
[2025-08-20 17:59:00,519][polymetis.gripper_interface][WARNING] - Metadata unavailable from server.
[2025-08-20 18:00:09,687][polymetis.gripper_interface][WARNING] - Metadata unavailable from server.
[2025-08-20 18:13:09,449][polymetis.gripper_interface][WARNING] - Metadata unavailable from server.
[2025-08-20 18:45:10,768][polymetis.gripper_interface][WARNING] - Metadata unavailable from server.
[2025-08-23 17:19:49,972][polymetis.gripper_interface][WARNING] - Metadata unavailable from server.
[2025-08-23 17:26:03,064][polymetis.gripper_interface][WARNING] - Metadata unavailable from server.
[2025-08-23 17:26:48,506][polymetis.robot_interface][ERROR] - Unable to update desired joint positions. Use 'start_joint_impedance' to start a joint impedance controller.
[2025-08-23 17:27:07,041][polymetis.gripper_interface][WARNING] - Metadata unavailable from server.
[2025-08-23 17:31:28,679][polymetis.gripper_interface][WARNING] - Metadata unavailable from server.
[2025-08-23 17:32:55,428][polymetis.gripper_interface][WARNING] - Metadata unavailable from server.
[2025-08-23 17:33:21,117][polymetis.gripper_interface][WARNING] - Metadata unavailable from server.
[2025-08-23 19:13:22,418][polymetis.gripper_interface][WARNING] - Metadata unavailable from server.
[2025-08-23 19:14:43,783][polymetis.gripper_interface][WARNING] - Metadata unavailable from server.
[2025-08-23 19:15:09,848][polymetis.robot_interface][ERROR] - Unable to update desired joint positions. Use 'start_joint_impedance' to start a joint impedance controller.
[2025-08-23 19:15:36,478][polymetis.gripper_interface][WARNING] - Metadata unavailable from server.
[2025-08-23 19:23:17,294][polymetis.gripper_interface][WARNING] - Metadata unavailable from server.
[2025-08-23 19:23:43,933][polymetis.robot_interface][ERROR] - Unable to update desired joint positions. Use 'start_joint_impedance' to start a joint impedance controller.
[2025-08-23 19:24:52,680][polymetis.gripper_interface][WARNING] - Metadata unavailable from server.
[2025-08-23 19:26:04,663][polymetis.gripper_interface][WARNING] - Metadata unavailable from server.
[2025-08-23 19:28:15,156][polymetis.gripper_interface][WARNING] - Metadata unavailable from server.
[2025-08-23 19:28:54,658][polymetis.robot_interface][ERROR] - Unable to update desired joint positions. Use 'start_joint_impedance' to start a joint impedance controller.
[2025-08-23 21:07:12,992][polymetis.gripper_interface][WARNING] - Metadata unavailable from server.
[2025-08-23 21:07:27,080][polymetis.robot_interface][ERROR] - Unable to update desired joint positions. Use 'start_joint_impedance' to start a joint impedance controller.
[2025-08-23 21:11:14,890][polymetis.gripper_interface][WARNING] - Metadata unavailable from server.
[2025-08-23 22:15:54,984][polymetis.gripper_interface][WARNING] - Metadata unavailable from server.
[2025-08-23 22:16:31,799][polymetis.gripper_interface][WARNING] - Metadata unavailable from server.
[2025-08-23 22:18:48,770][polymetis.gripper_interface][WARNING] - Metadata unavailable from server.
[2025-08-23 22:20:13,645][polymetis.gripper_interface][WARNING] - Metadata unavailable from server.
[2025-08-23 22:29:00,560][polymetis.gripper_interface][WARNING] - Metadata unavailable from server.
[2025-08-23 22:33:50,224][polymetis.gripper_interface][WARNING] - Metadata unavailable from server.
[2025-08-23 22:35:05,953][polymetis.gripper_interface][WARNING] - Metadata unavailable from server.
[2025-08-23 22:41:43,784][polymetis.gripper_interface][WARNING] - Metadata unavailable from server.
[2025-08-23 22:56:19,479][polymetis.gripper_interface][WARNING] - Metadata unavailable from server.
[2025-08-23 23:04:10,676][polymetis.gripper_interface][WARNING] - Metadata unavailable from server.
[2025-08-23 23:04:52,165][polymetis.gripper_interface][WARNING] - Metadata unavailable from server.
[2025-08-23 23:06:32,767][polymetis.gripper_interface][WARNING] - Metadata unavailable from server.
